# JRE version: OpenJDK Runtime Environment (Zulu 8.58.0.13-CA-win64) (8.0_312-b07) (build 1.8.0_312-b07)
# Java VM: OpenJDK 64-Bit Server VM (25.312-b07 mixed mode windows-amd64 compressed oops)
Heap:
 PSYoungGen      total 384000K, used 137651K [0x0000000715f80000, 0x000000072f400000, 0x00000007c0000000)
  eden space 367104K, 32% used [0x0000000715f80000,0x000000071d596608,0x000000072c600000)
  from space 16896K, 99% used [0x000000072e380000,0x000000072f3d6948,0x000000072f400000)
  to   space 19456K, 0% used [0x000000072ce00000,0x000000072ce00000,0x000000072e100000)
 ParOldGen       total 470528K, used 31471K [0x00000005c1e00000, 0x00000005de980000, 0x0000000715f80000)
  object space 470528K, 6% used [0x00000005c1e00000,0x00000005c3cbbcc8,0x00000005de980000)
 Metaspace       used 76375K, capacity 80644K, committed 80788K, reserved 1120256K
  class space    used 10178K, capacity 10873K, committed 10900K, reserved 1048576K
GC Heap History (10 events):
Event: 3.616 GC heap before
{Heap before GC invocations=7 (full 2):
 PSYoungGen      total 216064K, used 9967K [0x0000000715f80000, 0x0000000729200000, 0x00000007c0000000)
  eden space 194560K, 0% used [0x0000000715f80000,0x0000000715f80000,0x0000000721d80000)
  from space 21504K, 46% used [0x0000000721d80000,0x000000072273bc78,0x0000000723280000)
  to   space 12288K, 0% used [0x0000000728600000,0x0000000728600000,0x0000000729200000)
 ParOldGen       total 201216K, used 7726K [0x00000005c1e00000, 0x00000005ce280000, 0x0000000715f80000)
  object space 201216K, 3% used [0x00000005c1e00000,0x00000005c258ba20,0x00000005ce280000)
 Metaspace       used 33737K, capacity 35372K, committed 35416K, reserved 1079296K
  class space    used 4338K, capacity 4654K, committed 4696K, reserved 1048576K
Event: 3.653 GC heap after
Heap after GC invocations=7 (full 2):
 PSYoungGen      total 216064K, used 0K [0x0000000715f80000, 0x0000000729200000, 0x00000007c0000000)
  eden space 194560K, 0% used [0x0000000715f80000,0x0000000715f80000,0x0000000721d80000)
  from space 21504K, 0% used [0x0000000721d80000,0x0000000721d80000,0x0000000723280000)
  to   space 12288K, 0% used [0x0000000728600000,0x0000000728600000,0x0000000729200000)
 ParOldGen       total 319488K, used 13721K [0x00000005c1e00000, 0x00000005d5600000, 0x0000000715f80000)
  object space 319488K, 4% used [0x00000005c1e00000,0x00000005c2b66780,0x00000005d5600000)
 Metaspace       used 33737K, capacity 35372K, committed 35416K, reserved 1079296K
  class space    used 4338K, capacity 4654K, committed 4696K, reserved 1048576K
}
Event: 4.945 GC heap before
{Heap before GC invocations=8 (full 2):
 PSYoungGen      total 216064K, used 194560K [0x0000000715f80000, 0x0000000729200000, 0x00000007c0000000)
  eden space 194560K, 100% used [0x0000000715f80000,0x0000000721d80000,0x0000000721d80000)
  from space 21504K, 0% used [0x0000000721d80000,0x0000000721d80000,0x0000000723280000)
  to   space 12288K, 0% used [0x0000000728600000,0x0000000728600000,0x0000000729200000)
 ParOldGen       total 319488K, used 13721K [0x00000005c1e00000, 0x00000005d5600000, 0x0000000715f80000)
  object space 319488K, 4% used [0x00000005c1e00000,0x00000005c2b66780,0x00000005d5600000)
 Metaspace       used 40146K, capacity 42478K, committed 42712K, reserved 1087488K
  class space    used 5102K, capacity 5510K, committed 5592K, reserved 1048576K
Event: 4.957 GC heap after
Heap after GC invocations=8 (full 2):
 PSYoungGen      total 283136K, used 9231K [0x0000000715f80000, 0x0000000728f80000, 0x00000007c0000000)
  eden space 273408K, 0% used [0x0000000715f80000,0x0000000715f80000,0x0000000726a80000)
  from space 9728K, 94% used [0x0000000728600000,0x0000000728f03f20,0x0000000728f80000)
  to   space 11776K, 0% used [0x0000000727880000,0x0000000727880000,0x0000000728400000)
 ParOldGen       total 319488K, used 13729K [0x00000005c1e00000, 0x00000005d5600000, 0x0000000715f80000)
  object space 319488K, 4% used [0x00000005c1e00000,0x00000005c2b68780,0x00000005d5600000)
 Metaspace       used 40146K, capacity 42478K, committed 42712K, reserved 1087488K
  class space    used 5102K, capacity 5510K, committed 5592K, reserved 1048576K
}
Event: 6.967 GC heap before
{Heap before GC invocations=9 (full 2):
 PSYoungGen      total 283136K, used 277929K [0x0000000715f80000, 0x0000000728f80000, 0x00000007c0000000)
  eden space 273408K, 98% used [0x0000000715f80000,0x00000007265e6648,0x0000000726a80000)
  from space 9728K, 94% used [0x0000000728600000,0x0000000728f03f20,0x0000000728f80000)
  to   space 11776K, 0% used [0x0000000727880000,0x0000000727880000,0x0000000728400000)
 ParOldGen       total 319488K, used 13729K [0x00000005c1e00000, 0x00000005d5600000, 0x0000000715f80000)
  object space 319488K, 4% used [0x00000005c1e00000,0x00000005c2b68780,0x00000005d5600000)
 Metaspace       used 56266K, capacity 58970K, committed 59028K, reserved 1099776K
  class space    used 7554K, capacity 8035K, committed 8084K, reserved 1048576K
Event: 6.984 GC heap after
Heap after GC invocations=9 (full 2):
 PSYoungGen      total 299520K, used 11750K [0x0000000715f80000, 0x000000072f500000, 0x00000007c0000000)
  eden space 287744K, 0% used [0x0000000715f80000,0x0000000715f80000,0x0000000727880000)
  from space 11776K, 99% used [0x0000000727880000,0x00000007283f9850,0x0000000728400000)
  to   space 17920K, 0% used [0x000000072e380000,0x000000072e380000,0x000000072f500000)
 ParOldGen       total 319488K, used 23630K [0x00000005c1e00000, 0x00000005d5600000, 0x0000000715f80000)
  object space 319488K, 7% used [0x00000005c1e00000,0x00000005c3513b28,0x00000005d5600000)
 Metaspace       used 56266K, capacity 58970K, committed 59028K, reserved 1099776K
  class space    used 7554K, capacity 8035K, committed 8084K, reserved 1048576K
}
Event: 6.984 GC heap before
{Heap before GC invocations=10 (full 3):
 PSYoungGen      total 299520K, used 11750K [0x0000000715f80000, 0x000000072f500000, 0x00000007c0000000)
  eden space 287744K, 0% used [0x0000000715f80000,0x0000000715f80000,0x0000000727880000)
  from space 11776K, 99% used [0x0000000727880000,0x00000007283f9850,0x0000000728400000)
  to   space 17920K, 0% used [0x000000072e380000,0x000000072e380000,0x000000072f500000)
 ParOldGen       total 319488K, used 23630K [0x00000005c1e00000, 0x00000005d5600000, 0x0000000715f80000)
  object space 319488K, 7% used [0x00000005c1e00000,0x00000005c3513b28,0x00000005d5600000)
 Metaspace       used 56266K, capacity 58970K, committed 59028K, reserved 1099776K
  class space    used 7554K, capacity 8035K, committed 8084K, reserved 1048576K
Event: 7.114 GC heap after
Heap after GC invocations=10 (full 3):
 PSYoungGen      total 299520K, used 0K [0x0000000715f80000, 0x000000072f500000, 0x00000007c0000000)
  eden space 287744K, 0% used [0x0000000715f80000,0x0000000715f80000,0x0000000727880000)
  from space 11776K, 0% used [0x0000000727880000,0x0000000727880000,0x0000000728400000)
  to   space 17920K, 0% used [0x000000072e380000,0x000000072e380000,0x000000072f500000)
 ParOldGen       total 470528K, used 31463K [0x00000005c1e00000, 0x00000005de980000, 0x0000000715f80000)
  object space 470528K, 6% used [0x00000005c1e00000,0x00000005c3cb9cc8,0x00000005de980000)
 Metaspace       used 56266K, capacity 58970K, committed 59028K, reserved 1099776K
  class space    used 7554K, capacity 8035K, committed 8084K, reserved 1048576K
}
Event: 10.190 GC heap before
{Heap before GC invocations=11 (full 3):
 PSYoungGen      total 299520K, used 287744K [0x0000000715f80000, 0x000000072f500000, 0x00000007c0000000)
  eden space 287744K, 100% used [0x0000000715f80000,0x0000000727880000,0x0000000727880000)
  from space 11776K, 0% used [0x0000000727880000,0x0000000727880000,0x0000000728400000)
  to   space 17920K, 0% used [0x000000072e380000,0x000000072e380000,0x000000072f500000)
 ParOldGen       total 470528K, used 31463K [0x00000005c1e00000, 0x00000005de980000, 0x0000000715f80000)
  object space 470528K, 6% used [0x00000005c1e00000,0x00000005c3cb9cc8,0x00000005de980000)
 Metaspace       used 69388K, capacity 73548K, committed 73876K, reserved 1114112K
  class space    used 9365K, capacity 10042K, committed 10132K, reserved 1048576K
Event: 10.205 GC heap after
Heap after GC invocations=11 (full 3):
 PSYoungGen      total 384000K, used 16730K [0x0000000715f80000, 0x000000072f400000, 0x00000007c0000000)
  eden space 367104K, 0% used [0x0000000715f80000,0x0000000715f80000,0x000000072c600000)
  from space 16896K, 99% used [0x000000072e380000,0x000000072f3d6948,0x000000072f400000)
  to   space 19456K, 0% used [0x000000072ce00000,0x000000072ce00000,0x000000072e100000)
 ParOldGen       total 470528K, used 31471K [0x00000005c1e00000, 0x00000005de980000, 0x0000000715f80000)
  object space 470528K, 6% used [0x00000005c1e00000,0x00000005c3cbbcc8,0x00000005de980000)
 Metaspace       used 69388K, capacity 73548K, committed 73876K, reserved 1114112K
  class space    used 9365K, capacity 10042K, committed 10132K, reserved 1048576K
}

